\BOOKMARK [1][-]{section.1}{Lucas-Kanade Tracking}{}% 1
\BOOKMARK [2][-]{subsection.1.1}{Homography Under Rotation}{section.1}% 2
\BOOKMARK [2][-]{subsection.1.2}{Understanding Homographies Under Rotation}{section.1}% 3
\BOOKMARK [2][-]{subsection.1.3}{Limitations of the Planar Homography}{section.1}% 4
\BOOKMARK [2][-]{subsection.1.4}{Behavior of Lines Under Perspective Projections}{section.1}% 5
\BOOKMARK [1][-]{section.2}{Computing Planar Homographies}{}% 6
\BOOKMARK [2][-]{subsection.2.1}{Feature Detection and Matching}{section.2}% 7
\BOOKMARK [3][-]{subsubsection.2.1.1}{FAST Detector}{subsection.2.1}% 8
\BOOKMARK [3][-]{subsubsection.2.1.2}{BRIEF Descriptor}{subsection.2.1}% 9
\BOOKMARK [3][-]{subsubsection.2.1.3}{Matching Methods}{subsection.2.1}% 10
\BOOKMARK [3][-]{subsubsection.2.1.4}{Feature Matching}{subsection.2.1}% 11
\BOOKMARK [3][-]{subsubsection.2.1.5}{Feature Matching Parameter Tuning}{subsection.2.1}% 12
\BOOKMARK [3][-]{subsubsection.2.1.6}{BRIEF and Rotations}{subsection.2.1}% 13
\BOOKMARK [2][-]{subsection.2.2}{Homography Computation, Normalization and RANSAC}{section.2}% 14
\BOOKMARK [3][-]{subsubsection.2.2.4}{Putting it together}{subsection.2.2}% 15
\BOOKMARK [3][-]{subsubsection.2.2.5}{RANSAC Parameter Tuning}{subsection.2.2}% 16
\BOOKMARK [1][-]{section.3}{Creating your Augmented Reality Application}{}% 17
\BOOKMARK [2][-]{subsection.3.1}{Incorporating Video}{section.3}% 18
\BOOKMARK [1][-]{section.4}{Extra Credit}{}% 19
\BOOKMARK [2][-]{subsection.4.2}{Create a Simple Paranoma}{section.4}% 20
